<?xml version="1.0" encoding="UTF-8"?>
<testng-results skipped="0" failed="0" total="2" passed="2">
  <reporter-output>
  </reporter-output>
  <suite name="Suite" duration-ms="43179" started-at="2023-04-28T20:32:57Z" finished-at="2023-04-28T20:33:40Z">
    <groups>
    </groups>
    <test name="Test" duration-ms="43179" started-at="2023-04-28T20:32:57Z" finished-at="2023-04-28T20:33:40Z">
      <class name="testscripts.VarifyInvalidUserSignIn">
        <test-method status="PASS" signature="openBrowser()[pri:0, instance:testscripts.VarifyInvalidUserSignIn@49070868]" name="openBrowser" is-config="true" duration-ms="10626" started-at="2023-04-29T02:03:22Z" finished-at="2023-04-29T02:03:32Z">
          <reporter-output>
          </reporter-output>
        </test-method> <!-- openBrowser -->
        <test-method status="PASS" signature="VarifySignInFeature()[pri:0, instance:testscripts.VarifyInvalidUserSignIn@49070868]" name="VarifySignInFeature" duration-ms="7776" started-at="2023-04-29T02:03:32Z" finished-at="2023-04-29T02:03:40Z">
          <reporter-output>
          </reporter-output>
        </test-method> <!-- VarifySignInFeature -->
      </class> <!-- testscripts.VarifyInvalidUserSignIn -->
      <class name="testscripts.VarifyInvalidSearch">
        <test-method status="PASS" signature="openBrowser()[pri:0, instance:testscripts.VarifyInvalidSearch@314c508a]" name="openBrowser" is-config="true" duration-ms="17177" started-at="2023-04-29T02:02:57Z" finished-at="2023-04-29T02:03:14Z">
          <reporter-output>
          </reporter-output>
        </test-method> <!-- openBrowser -->
        <test-method status="PASS" signature="VarifySearchResult()[pri:0, instance:testscripts.VarifyInvalidSearch@314c508a]" name="VarifySearchResult" duration-ms="7588" started-at="2023-04-29T02:03:14Z" finished-at="2023-04-29T02:03:22Z">
          <reporter-output>
          </reporter-output>
        </test-method> <!-- VarifySearchResult -->
      </class> <!-- testscripts.VarifyInvalidSearch -->
    </test> <!-- Test -->
  </suite> <!-- Suite -->
</testng-results>
